# JRE version: OpenJDK Runtime Environment (11.0.10) (build 11.0.10+0-b96-7249189)
# Java VM: OpenJDK 64-Bit Server VM (11.0.10+0-b96-7249189, mixed mode, tiered, compressed oops, g1 gc, windows-amd64)
Heap:
 garbage-first heap   total 175104K, used 115689K [0x0000000080000000, 0x0000000100000000)
  region size 1024K, 14 young (14336K), 3 survivors (3072K)
 Metaspace       used 87864K, capacity 90037K, committed 90880K, reserved 1128448K
  class space    used 11333K, capacity 12166K, committed 12544K, reserved 1048576K
GC Heap History (20 events):
Event: 33.073 GC heap before
{Heap before GC invocations=24 (full 0):
 garbage-first heap   total 120832K, used 99296K [0x0000000080000000, 0x0000000100000000)
  region size 1024K, 33 young (33792K), 3 survivors (3072K)
 Metaspace       used 81455K, capacity 83918K, committed 83968K, reserved 1122304K
  class space    used 10801K, capacity 11732K, committed 11776K, reserved 1048576K
}
Event: 33.077 GC heap after
{Heap after GC invocations=25 (full 0):
 garbage-first heap   total 120832K, used 70956K [0x0000000080000000, 0x0000000100000000)
  region size 1024K, 5 young (5120K), 5 survivors (5120K)
 Metaspace       used 81455K, capacity 83918K, committed 83968K, reserved 1122304K
  class space    used 10801K, capacity 11732K, committed 11776K, reserved 1048576K
}
Event: 33.315 GC heap before
{Heap before GC invocations=25 (full 0):
 garbage-first heap   total 120832K, used 99628K [0x0000000080000000, 0x0000000100000000)
  region size 1024K, 34 young (34816K), 5 survivors (5120K)
 Metaspace       used 81854K, capacity 84326K, committed 84480K, reserved 1122304K
  class space    used 10823K, capacity 11749K, committed 11776K, reserved 1048576K
}
Event: 33.322 GC heap after
{Heap after GC invocations=26 (full 0):
 garbage-first heap   total 120832K, used 73132K [0x0000000080000000, 0x0000000100000000)
  region size 1024K, 4 young (4096K), 4 survivors (4096K)
 Metaspace       used 81854K, capacity 84326K, committed 84480K, reserved 1122304K
  class space    used 10823K, capacity 11749K, committed 11776K, reserved 1048576K
}
Event: 33.509 GC heap before
{Heap before GC invocations=27 (full 0):
 garbage-first heap   total 120832K, used 87468K [0x0000000080000000, 0x0000000100000000)
  region size 1024K, 19 young (19456K), 4 survivors (4096K)
 Metaspace       used 82880K, capacity 85346K, committed 85632K, reserved 1122304K
  class space    used 10906K, capacity 11826K, committed 11904K, reserved 1048576K
}
Event: 33.514 GC heap after
{Heap after GC invocations=28 (full 0):
 garbage-first heap   total 120832K, used 74115K [0x0000000080000000, 0x0000000100000000)
  region size 1024K, 2 young (2048K), 2 survivors (2048K)
 Metaspace       used 82880K, capacity 85346K, committed 85632K, reserved 1122304K
  class space    used 10906K, capacity 11826K, committed 11904K, reserved 1048576K
}
Event: 33.704 GC heap before
{Heap before GC invocations=29 (full 0):
 garbage-first heap   total 120832K, used 96643K [0x0000000080000000, 0x0000000100000000)
  region size 1024K, 23 young (23552K), 2 survivors (2048K)
 Metaspace       used 82886K, capacity 84963K, committed 86144K, reserved 1124352K
  class space    used 10779K, capacity 11541K, committed 11904K, reserved 1048576K
}
Event: 33.712 GC heap after
{Heap after GC invocations=30 (full 0):
 garbage-first heap   total 120832K, used 88453K [0x0000000080000000, 0x0000000100000000)
  region size 1024K, 3 young (3072K), 3 survivors (3072K)
 Metaspace       used 82886K, capacity 84963K, committed 86144K, reserved 1124352K
  class space    used 10779K, capacity 11541K, committed 11904K, reserved 1048576K
}
Event: 33.801 GC heap before
{Heap before GC invocations=30 (full 0):
 garbage-first heap   total 120832K, used 98693K [0x0000000080000000, 0x0000000100000000)
  region size 1024K, 13 young (13312K), 3 survivors (3072K)
 Metaspace       used 83267K, capacity 85417K, committed 86528K, reserved 1124352K
  class space    used 10825K, capacity 11608K, committed 12032K, reserved 1048576K
}
Event: 33.808 GC heap after
{Heap after GC invocations=31 (full 0):
 garbage-first heap   total 145408K, used 90590K [0x0000000080000000, 0x0000000100000000)
  region size 1024K, 2 young (2048K), 2 survivors (2048K)
 Metaspace       used 83267K, capacity 85417K, committed 86528K, reserved 1124352K
  class space    used 10825K, capacity 11608K, committed 12032K, reserved 1048576K
}
Event: 33.933 GC heap before
{Heap before GC invocations=32 (full 0):
 garbage-first heap   total 145408K, used 109022K [0x0000000080000000, 0x0000000100000000)
  region size 1024K, 20 young (20480K), 2 survivors (2048K)
 Metaspace       used 83378K, capacity 85484K, committed 86528K, reserved 1124352K
  class space    used 10834K, capacity 11609K, committed 12032K, reserved 1048576K
}
Event: 33.935 GC heap after
{Heap after GC invocations=33 (full 0):
 garbage-first heap   total 145408K, used 91933K [0x0000000080000000, 0x0000000100000000)
  region size 1024K, 3 young (3072K), 3 survivors (3072K)
 Metaspace       used 83378K, capacity 85484K, committed 86528K, reserved 1124352K
  class space    used 10834K, capacity 11609K, committed 12032K, reserved 1048576K
}
Event: 34.124 GC heap before
{Heap before GC invocations=33 (full 0):
 garbage-first heap   total 145408K, used 111389K [0x0000000080000000, 0x0000000100000000)
  region size 1024K, 22 young (22528K), 3 survivors (3072K)
 Metaspace       used 85468K, capacity 87596K, committed 88576K, reserved 1126400K
  class space    used 11103K, capacity 11907K, committed 12288K, reserved 1048576K
}
Event: 34.128 GC heap after
{Heap after GC invocations=34 (full 0):
 garbage-first heap   total 145408K, used 92428K [0x0000000080000000, 0x0000000100000000)
  region size 1024K, 2 young (2048K), 2 survivors (2048K)
 Metaspace       used 85468K, capacity 87596K, committed 88576K, reserved 1126400K
  class space    used 11103K, capacity 11907K, committed 12288K, reserved 1048576K
}
Event: 34.254 GC heap before
{Heap before GC invocations=35 (full 0):
 garbage-first heap   total 145408K, used 111884K [0x0000000080000000, 0x0000000100000000)
  region size 1024K, 21 young (21504K), 2 survivors (2048K)
 Metaspace       used 85595K, capacity 87724K, committed 88832K, reserved 1126400K
  class space    used 11109K, capacity 11907K, committed 12288K, reserved 1048576K
}
Event: 34.260 GC heap after
{Heap after GC invocations=36 (full 0):
 garbage-first heap   total 145408K, used 100057K [0x0000000080000000, 0x0000000100000000)
  region size 1024K, 3 young (3072K), 3 survivors (3072K)
 Metaspace       used 85595K, capacity 87724K, committed 88832K, reserved 1126400K
  class space    used 11109K, capacity 11907K, committed 12288K, reserved 1048576K
}
Event: 34.264 GC heap before
{Heap before GC invocations=36 (full 0):
 garbage-first heap   total 145408K, used 100057K [0x0000000080000000, 0x0000000100000000)
  region size 1024K, 4 young (4096K), 3 survivors (3072K)
 Metaspace       used 85595K, capacity 87724K, committed 88832K, reserved 1126400K
  class space    used 11109K, capacity 11907K, committed 12288K, reserved 1048576K
}
Event: 34.267 GC heap after
{Heap after GC invocations=37 (full 0):
 garbage-first heap   total 145408K, used 100805K [0x0000000080000000, 0x0000000100000000)
  region size 1024K, 1 young (1024K), 1 survivors (1024K)
 Metaspace       used 85595K, capacity 87724K, committed 88832K, reserved 1126400K
  class space    used 11109K, capacity 11907K, committed 12288K, reserved 1048576K
}
Event: 34.410 GC heap before
{Heap before GC invocations=38 (full 0):
 garbage-first heap   total 145408K, used 128453K [0x0000000080000000, 0x0000000100000000)
  region size 1024K, 12 young (12288K), 1 survivors (1024K)
 Metaspace       used 86441K, capacity 88653K, committed 89728K, reserved 1126400K
  class space    used 11194K, capacity 12017K, committed 12416K, reserved 1048576K
}
Event: 34.413 GC heap after
{Heap after GC invocations=39 (full 0):
 garbage-first heap   total 175104K, used 105057K [0x0000000080000000, 0x0000000100000000)
  region size 1024K, 1 young (1024K), 1 survivors (1024K)
 Metaspace       used 86441K, capacity 88653K, committed 89728K, reserved 1126400K
  class space    used 11194K, capacity 12017K, committed 12416K, reserved 1048576K
}

